build/app/intermediates/manifest_merge_blame_file/debug/manifest-merger-blame-debug-report.txt
1<?xml version="1.0" encoding="utf-8"?>
2<manifest xmlns:android="http://schemas.android.com/apk/res/android"
3    package="com.foodtruckmobile"
4    android:versionCode="1"
5    android:versionName="1.0.0" >
6
7    <uses-sdk
8        android:minSdkVersion="21"
9        android:targetSdkVersion="33" />
10    <!--
11         The INTERNET permission is required for development. Specifically,
12         the Flutter tool needs it to communicate with the running application
13         to allow setting breakpoints, to provide hot reload, etc.
14    -->
15    <uses-permission android:name="android.permission.INTERNET" />
15-->src/debug/AndroidManifest.xml:7:5-66
15-->src/debug/AndroidManifest.xml:7:22-64
16    <uses-permission android:name="android.permission.ACCESS_COARSE_LOCATION" />
16-->[:location] AndroidManifest.xml:9:5-81
16-->[:location] AndroidManifest.xml:9:22-78
17    <uses-permission android:name="android.permission.ACCESS_FINE_LOCATION" />
17-->[:location] AndroidManifest.xml:10:5-79
17-->[:location] AndroidManifest.xml:10:22-76
18    <uses-permission android:name="android.permission.ACCESS_NETWORK_STATE" />
18-->[com.google.firebase:firebase-auth:22.0.0] AndroidManifest.xml:26:5-79
18-->[com.google.firebase:firebase-auth:22.0.0] AndroidManifest.xml:26:22-76
19    <uses-permission android:name="android.permission.WAKE_LOCK" />
19-->[com.google.android.gms:play-services-measurement-api:21.3.0] AndroidManifest.xml:24:5-68
19-->[com.google.android.gms:play-services-measurement-api:21.3.0] AndroidManifest.xml:24:22-65
20    <uses-permission android:name="com.google.android.gms.permission.AD_ID" />
20-->[com.google.android.gms:play-services-measurement-api:21.3.0] AndroidManifest.xml:25:5-79
20-->[com.google.android.gms:play-services-measurement-api:21.3.0] AndroidManifest.xml:25:22-76
21
22    <uses-feature
22-->[com.google.android.gms:play-services-maps:18.1.0] AndroidManifest.xml:26:5-28:35
23        android:glEsVersion="0x00020000"
23-->[com.google.android.gms:play-services-maps:18.1.0] AndroidManifest.xml:27:9-41
24        android:required="true" />
24-->[com.google.android.gms:play-services-maps:18.1.0] AndroidManifest.xml:28:9-32
25
26    <queries>
26-->[com.google.android.gms:play-services-maps:18.1.0] AndroidManifest.xml:30:5-34:15
27
28        <!-- Needs to be explicitly declared on Android R+ -->
29        <package android:name="com.google.android.apps.maps" />
29-->[com.google.android.gms:play-services-maps:18.1.0] AndroidManifest.xml:33:9-64
29-->[com.google.android.gms:play-services-maps:18.1.0] AndroidManifest.xml:33:18-61
30    </queries>
31
32    <uses-permission android:name="com.google.android.finsky.permission.BIND_GET_INSTALL_REFERRER_SERVICE" />
32-->[com.google.android.gms:play-services-measurement:21.3.0] AndroidManifest.xml:26:5-110
32-->[com.google.android.gms:play-services-measurement:21.3.0] AndroidManifest.xml:26:22-107
33
34    <application
35        android:name="android.app.Application"
36        android:appComponentFactory="androidx.core.app.CoreComponentFactory"
36-->[androidx.core:core:1.6.0] AndroidManifest.xml:24:18-86
37        android:debuggable="true"
38        android:icon="@mipmap/ic_launcher"
39        android:label="food_truck_mobile" >
40        <activity
41            android:name="com.example.food_truck_mobile.MainActivity"
42            android:configChanges="orientation|keyboardHidden|keyboard|screenSize|smallestScreenSize|locale|layoutDirection|fontScale|screenLayout|density|uiMode"
43            android:exported="true"
44            android:hardwareAccelerated="true"
45            android:launchMode="singleTop"
46            android:theme="@style/LaunchTheme"
47            android:windowSoftInputMode="adjustResize" >
48
49            <!--
50                 Specifies an Android theme to apply to this Activity as soon as
51                 the Android process has started. This theme is visible to the user
52                 while the Flutter UI initializes. After that, this theme continues
53                 to determine the Window background behind the Flutter UI.
54            -->
55            <meta-data
56                android:name="io.flutter.embedding.android.NormalTheme"
57                android:resource="@style/NormalTheme" />
58
59            <intent-filter>
60                <action android:name="android.intent.action.MAIN" />
61
62                <category android:name="android.intent.category.LAUNCHER" />
63            </intent-filter>
64        </activity>
65        <!--
66             Don't delete the meta-data below.
67             This is used by the Flutter tool to generate GeneratedPluginRegistrant.java
68        -->
69        <meta-data
70            android:name="com.google.android.geo.API_KEY"
71            android:value="AIzaSyDGE3bBO-aHvwvIO6_2DgbfSOGF3W3CB50" />
72        <meta-data
73            android:name="flutterEmbedding"
74            android:value="2" />
75
76        <service
76-->[:firebase_auth] AndroidManifest.xml:10:9-14:19
77            android:name="com.google.firebase.components.ComponentDiscoveryService"
77-->[:firebase_auth] AndroidManifest.xml:10:18-89
78            android:directBootAware="true"
78-->[com.google.firebase:firebase-common:20.3.2] AndroidManifest.xml:34:13-43
79            android:exported="false" >
79-->[com.google.firebase:firebase-analytics-ktx:21.3.0] AndroidManifest.xml:10:13-37
80            <meta-data
80-->[:firebase_auth] AndroidManifest.xml:11:13-13:85
81                android:name="com.google.firebase.components:io.flutter.plugins.firebase.auth.FlutterFirebaseAuthRegistrar"
81-->[:firebase_auth] AndroidManifest.xml:12:17-124
82                android:value="com.google.firebase.components.ComponentRegistrar" />
82-->[:firebase_auth] AndroidManifest.xml:13:17-82
83            <meta-data
83-->[:cloud_firestore] AndroidManifest.xml:11:13-13:85
84                android:name="com.google.firebase.components:io.flutter.plugins.firebase.firestore.FlutterFirebaseFirestoreRegistrar"
84-->[:cloud_firestore] AndroidManifest.xml:12:17-134
85                android:value="com.google.firebase.components.ComponentRegistrar" />
85-->[:cloud_firestore] AndroidManifest.xml:13:17-82
86            <meta-data
86-->[:firebase_core] AndroidManifest.xml:11:13-13:85
87                android:name="com.google.firebase.components:io.flutter.plugins.firebase.core.FlutterFirebaseCoreRegistrar"
87-->[:firebase_core] AndroidManifest.xml:12:17-124
88                android:value="com.google.firebase.components.ComponentRegistrar" />
88-->[:firebase_core] AndroidManifest.xml:13:17-82
89            <meta-data
89-->[com.google.firebase:firebase-analytics-ktx:21.3.0] AndroidManifest.xml:11:13-13:85
90                android:name="com.google.firebase.components:com.google.firebase.analytics.ktx.FirebaseAnalyticsKtxRegistrar"
90-->[com.google.firebase:firebase-analytics-ktx:21.3.0] AndroidManifest.xml:12:17-126
91                android:value="com.google.firebase.components.ComponentRegistrar" />
91-->[com.google.firebase:firebase-analytics-ktx:21.3.0] AndroidManifest.xml:13:17-82
92            <meta-data
92-->[com.google.firebase:firebase-auth-ktx:22.0.0] AndroidManifest.xml:11:13-13:85
93                android:name="com.google.firebase.components:com.google.firebase.auth.ktx.FirebaseAuthKtxRegistrar"
93-->[com.google.firebase:firebase-auth-ktx:22.0.0] AndroidManifest.xml:12:17-116
94                android:value="com.google.firebase.components.ComponentRegistrar" />
94-->[com.google.firebase:firebase-auth-ktx:22.0.0] AndroidManifest.xml:13:17-82
95            <meta-data
95-->[com.google.firebase:firebase-common-ktx:20.3.2] AndroidManifest.xml:14:13-16:85
96                android:name="com.google.firebase.components:com.google.firebase.ktx.FirebaseCommonKtxRegistrar"
96-->[com.google.firebase:firebase-common-ktx:20.3.2] AndroidManifest.xml:15:17-113
97                android:value="com.google.firebase.components.ComponentRegistrar" />
97-->[com.google.firebase:firebase-common-ktx:20.3.2] AndroidManifest.xml:16:17-82
98            <meta-data
98-->[com.google.firebase:firebase-auth:22.0.0] AndroidManifest.xml:69:13-71:85
99                android:name="com.google.firebase.components:com.google.firebase.auth.FirebaseAuthRegistrar"
99-->[com.google.firebase:firebase-auth:22.0.0] AndroidManifest.xml:70:17-109
100                android:value="com.google.firebase.components.ComponentRegistrar" />
100-->[com.google.firebase:firebase-auth:22.0.0] AndroidManifest.xml:71:17-82
101            <meta-data
101-->[com.google.firebase:firebase-firestore:24.6.1] AndroidManifest.xml:19:13-21:85
102                android:name="com.google.firebase.components:com.google.firebase.firestore.FirestoreRegistrar"
102-->[com.google.firebase:firebase-firestore:24.6.1] AndroidManifest.xml:20:17-111
103                android:value="com.google.firebase.components.ComponentRegistrar" />
103-->[com.google.firebase:firebase-firestore:24.6.1] AndroidManifest.xml:21:17-82
104            <meta-data
104-->[com.google.android.gms:play-services-measurement-api:21.3.0] AndroidManifest.xml:31:13-33:85
105                android:name="com.google.firebase.components:com.google.firebase.analytics.connector.internal.AnalyticsConnectorRegistrar"
105-->[com.google.android.gms:play-services-measurement-api:21.3.0] AndroidManifest.xml:32:17-139
106                android:value="com.google.firebase.components.ComponentRegistrar" />
106-->[com.google.android.gms:play-services-measurement-api:21.3.0] AndroidManifest.xml:33:17-82
107            <meta-data
107-->[com.google.firebase:firebase-installations:17.1.3] AndroidManifest.xml:17:13-19:85
108                android:name="com.google.firebase.components:com.google.firebase.installations.FirebaseInstallationsRegistrar"
108-->[com.google.firebase:firebase-installations:17.1.3] AndroidManifest.xml:18:17-127
109                android:value="com.google.firebase.components.ComponentRegistrar" />
109-->[com.google.firebase:firebase-installations:17.1.3] AndroidManifest.xml:19:17-82
110        </service>
111        <service
111-->[:location] AndroidManifest.xml:13:9-17:56
112            android:name="com.lyokone.location.FlutterLocationService"
112-->[:location] AndroidManifest.xml:14:13-71
113            android:enabled="true"
113-->[:location] AndroidManifest.xml:15:13-35
114            android:exported="false"
114-->[:location] AndroidManifest.xml:16:13-37
115            android:foregroundServiceType="location" />
115-->[:location] AndroidManifest.xml:17:13-53
116
117        <activity
117-->[com.google.firebase:firebase-auth:22.0.0] AndroidManifest.xml:29:9-46:20
118            android:name="com.google.firebase.auth.internal.GenericIdpActivity"
118-->[com.google.firebase:firebase-auth:22.0.0] AndroidManifest.xml:30:13-80
119            android:excludeFromRecents="true"
119-->[com.google.firebase:firebase-auth:22.0.0] AndroidManifest.xml:31:13-46
120            android:exported="true"
120-->[com.google.firebase:firebase-auth:22.0.0] AndroidManifest.xml:32:13-36
121            android:launchMode="singleTask"
121-->[com.google.firebase:firebase-auth:22.0.0] AndroidManifest.xml:33:13-44
122            android:theme="@android:style/Theme.Translucent.NoTitleBar" >
122-->[com.google.firebase:firebase-auth:22.0.0] AndroidManifest.xml:34:13-72
123            <intent-filter>
123-->[com.google.firebase:firebase-auth:22.0.0] AndroidManifest.xml:35:13-45:29
124                <action android:name="android.intent.action.VIEW" />
124-->[com.google.firebase:firebase-auth:22.0.0] AndroidManifest.xml:36:17-69
124-->[com.google.firebase:firebase-auth:22.0.0] AndroidManifest.xml:36:25-66
125
126                <category android:name="android.intent.category.DEFAULT" />
126-->[com.google.firebase:firebase-auth:22.0.0] AndroidManifest.xml:38:17-76
126-->[com.google.firebase:firebase-auth:22.0.0] AndroidManifest.xml:38:27-73
127                <category android:name="android.intent.category.BROWSABLE" />
127-->[com.google.firebase:firebase-auth:22.0.0] AndroidManifest.xml:39:17-78
127-->[com.google.firebase:firebase-auth:22.0.0] AndroidManifest.xml:39:27-75
128
129                <data
129-->[com.google.firebase:firebase-auth:22.0.0] AndroidManifest.xml:41:17-44:51
130                    android:host="firebase.auth"
130-->[com.google.firebase:firebase-auth:22.0.0] AndroidManifest.xml:42:21-49
131                    android:path="/"
131-->[com.google.firebase:firebase-auth:22.0.0] AndroidManifest.xml:43:21-37
132                    android:scheme="genericidp" />
132-->[com.google.firebase:firebase-auth:22.0.0] AndroidManifest.xml:44:21-48
133            </intent-filter>
134        </activity>
135        <activity
135-->[com.google.firebase:firebase-auth:22.0.0] AndroidManifest.xml:47:9-64:20
136            android:name="com.google.firebase.auth.internal.RecaptchaActivity"
136-->[com.google.firebase:firebase-auth:22.0.0] AndroidManifest.xml:48:13-79
137            android:excludeFromRecents="true"
137-->[com.google.firebase:firebase-auth:22.0.0] AndroidManifest.xml:49:13-46
138            android:exported="true"
138-->[com.google.firebase:firebase-auth:22.0.0] AndroidManifest.xml:50:13-36
139            android:launchMode="singleTask"
139-->[com.google.firebase:firebase-auth:22.0.0] AndroidManifest.xml:51:13-44
140            android:theme="@android:style/Theme.Translucent.NoTitleBar" >
140-->[com.google.firebase:firebase-auth:22.0.0] AndroidManifest.xml:52:13-72
141            <intent-filter>
141-->[com.google.firebase:firebase-auth:22.0.0] AndroidManifest.xml:53:13-63:29
142                <action android:name="android.intent.action.VIEW" />
142-->[com.google.firebase:firebase-auth:22.0.0] AndroidManifest.xml:36:17-69
142-->[com.google.firebase:firebase-auth:22.0.0] AndroidManifest.xml:36:25-66
143
144                <category android:name="android.intent.category.DEFAULT" />
144-->[com.google.firebase:firebase-auth:22.0.0] AndroidManifest.xml:38:17-76
144-->[com.google.firebase:firebase-auth:22.0.0] AndroidManifest.xml:38:27-73
145                <category android:name="android.intent.category.BROWSABLE" />
145-->[com.google.firebase:firebase-auth:22.0.0] AndroidManifest.xml:39:17-78
145-->[com.google.firebase:firebase-auth:22.0.0] AndroidManifest.xml:39:27-75
146
147                <data
147-->[com.google.firebase:firebase-auth:22.0.0] AndroidManifest.xml:41:17-44:51
148                    android:host="firebase.auth"
148-->[com.google.firebase:firebase-auth:22.0.0] AndroidManifest.xml:42:21-49
149                    android:path="/"
149-->[com.google.firebase:firebase-auth:22.0.0] AndroidManifest.xml:43:21-37
150                    android:scheme="recaptcha" />
150-->[com.google.firebase:firebase-auth:22.0.0] AndroidManifest.xml:44:21-48
151            </intent-filter>
152        </activity>
153
154        <uses-library
154-->[androidx.window:window:1.0.0-beta04] AndroidManifest.xml:25:9-27:40
155            android:name="androidx.window.extensions"
155-->[androidx.window:window:1.0.0-beta04] AndroidManifest.xml:26:13-54
156            android:required="false" />
156-->[androidx.window:window:1.0.0-beta04] AndroidManifest.xml:27:13-37
157        <uses-library
157-->[androidx.window:window:1.0.0-beta04] AndroidManifest.xml:28:9-30:40
158            android:name="androidx.window.sidecar"
158-->[androidx.window:window:1.0.0-beta04] AndroidManifest.xml:29:13-51
159            android:required="false" />
159-->[androidx.window:window:1.0.0-beta04] AndroidManifest.xml:30:13-37
160
161        <activity
161-->[com.google.android.gms:play-services-auth:20.5.0] AndroidManifest.xml:23:9-27:75
162            android:name="com.google.android.gms.auth.api.signin.internal.SignInHubActivity"
162-->[com.google.android.gms:play-services-auth:20.5.0] AndroidManifest.xml:24:13-93
163            android:excludeFromRecents="true"
163-->[com.google.android.gms:play-services-auth:20.5.0] AndroidManifest.xml:25:13-46
164            android:exported="false"
164-->[com.google.android.gms:play-services-auth:20.5.0] AndroidManifest.xml:26:13-37
165            android:theme="@android:style/Theme.Translucent.NoTitleBar" />
165-->[com.google.android.gms:play-services-auth:20.5.0] AndroidManifest.xml:27:13-72
166        <!--
167            Service handling Google Sign-In user revocation. For apps that do not integrate with
168            Google Sign-In, this service will never be started.
169        -->
170        <service
170-->[com.google.android.gms:play-services-auth:20.5.0] AndroidManifest.xml:33:9-37:51
171            android:name="com.google.android.gms.auth.api.signin.RevocationBoundService"
171-->[com.google.android.gms:play-services-auth:20.5.0] AndroidManifest.xml:34:13-89
172            android:exported="true"
172-->[com.google.android.gms:play-services-auth:20.5.0] AndroidManifest.xml:35:13-36
173            android:permission="com.google.android.gms.auth.api.signin.permission.REVOCATION_NOTIFICATION"
173-->[com.google.android.gms:play-services-auth:20.5.0] AndroidManifest.xml:36:13-107
174            android:visibleToInstantApps="true" />
174-->[com.google.android.gms:play-services-auth:20.5.0] AndroidManifest.xml:37:13-48
175
176        <provider
176-->[com.google.firebase:firebase-common:20.3.2] AndroidManifest.xml:25:9-30:39
177            android:name="com.google.firebase.provider.FirebaseInitProvider"
177-->[com.google.firebase:firebase-common:20.3.2] AndroidManifest.xml:26:13-77
178            android:authorities="com.foodtruckmobile.firebaseinitprovider"
178-->[com.google.firebase:firebase-common:20.3.2] AndroidManifest.xml:27:13-72
179            android:directBootAware="true"
179-->[com.google.firebase:firebase-common:20.3.2] AndroidManifest.xml:28:13-43
180            android:exported="false"
180-->[com.google.firebase:firebase-common:20.3.2] AndroidManifest.xml:29:13-37
181            android:initOrder="100" /> <!-- Needs to be explicitly declared on P+ -->
181-->[com.google.firebase:firebase-common:20.3.2] AndroidManifest.xml:30:13-36
182        <uses-library
182-->[com.google.android.gms:play-services-maps:18.1.0] AndroidManifest.xml:39:9-41:40
183            android:name="org.apache.http.legacy"
183-->[com.google.android.gms:play-services-maps:18.1.0] AndroidManifest.xml:40:13-50
184            android:required="false" />
184-->[com.google.android.gms:play-services-maps:18.1.0] AndroidManifest.xml:41:13-37
185
186        <activity
186-->[com.google.android.gms:play-services-base:18.0.1] AndroidManifest.xml:20:9-22:45
187            android:name="com.google.android.gms.common.api.GoogleApiActivity"
187-->[com.google.android.gms:play-services-base:18.0.1] AndroidManifest.xml:20:19-85
188            android:exported="false"
188-->[com.google.android.gms:play-services-base:18.0.1] AndroidManifest.xml:22:19-43
189            android:theme="@android:style/Theme.Translucent.NoTitleBar" />
189-->[com.google.android.gms:play-services-base:18.0.1] AndroidManifest.xml:21:19-78
190
191        <receiver
191-->[com.google.android.gms:play-services-measurement:21.3.0] AndroidManifest.xml:29:9-33:20
192            android:name="com.google.android.gms.measurement.AppMeasurementReceiver"
192-->[com.google.android.gms:play-services-measurement:21.3.0] AndroidManifest.xml:30:13-85
193            android:enabled="true"
193-->[com.google.android.gms:play-services-measurement:21.3.0] AndroidManifest.xml:31:13-35
194            android:exported="false" >
194-->[com.google.android.gms:play-services-measurement:21.3.0] AndroidManifest.xml:32:13-37
195        </receiver>
196
197        <service
197-->[com.google.android.gms:play-services-measurement:21.3.0] AndroidManifest.xml:35:9-38:40
198            android:name="com.google.android.gms.measurement.AppMeasurementService"
198-->[com.google.android.gms:play-services-measurement:21.3.0] AndroidManifest.xml:36:13-84
199            android:enabled="true"
199-->[com.google.android.gms:play-services-measurement:21.3.0] AndroidManifest.xml:37:13-35
200            android:exported="false" />
200-->[com.google.android.gms:play-services-measurement:21.3.0] AndroidManifest.xml:38:13-37
201        <service
201-->[com.google.android.gms:play-services-measurement:21.3.0] AndroidManifest.xml:39:9-43:72
202            android:name="com.google.android.gms.measurement.AppMeasurementJobService"
202-->[com.google.android.gms:play-services-measurement:21.3.0] AndroidManifest.xml:40:13-87
203            android:enabled="true"
203-->[com.google.android.gms:play-services-measurement:21.3.0] AndroidManifest.xml:41:13-35
204            android:exported="false"
204-->[com.google.android.gms:play-services-measurement:21.3.0] AndroidManifest.xml:42:13-37
205            android:permission="android.permission.BIND_JOB_SERVICE" />
205-->[com.google.android.gms:play-services-measurement:21.3.0] AndroidManifest.xml:43:13-69
206
207        <meta-data
207-->[com.google.android.gms:play-services-basement:18.2.0] AndroidManifest.xml:21:9-23:69
208            android:name="com.google.android.gms.version"
208-->[com.google.android.gms:play-services-basement:18.2.0] AndroidManifest.xml:22:13-58
209            android:value="@integer/google_play_services_version" />
209-->[com.google.android.gms:play-services-basement:18.2.0] AndroidManifest.xml:23:13-66
210    </application>
211
212</manifest>